<?xml version="1.0" encoding="UTF-8"?>
<!-- Generated by org.testng.reporters.JUnitReportReporter -->
<testsuite ignored="0" hostname="Bohar" failures="0" tests="1" name="product.Hotel.SearchHotelTest" time="31.322" errors="0" timestamp="18 Jun 2020 06:23:17 GMT" skipped="0">
  <testcase classname="product.Hotel.SearchHotelTest" name="searchHotelByBusinessTrip" time="31.322"/>
</testsuite> <!-- product.Hotel.SearchHotelTest -->
