<?xml version="1.0" encoding="UTF-8"?>
<!-- Generated by org.testng.reporters.JUnitReportReporter -->
<testsuite ignored="0" hostname="Anjali" failures="0" tests="1" name="modules.sbtLogin" time="53.668" errors="0" timestamp="15 Jun 2020 12:04:34 GMT" skipped="0">
  <testcase classname="modules.sbtLogin" name="Login" time="53.668"/>
</testsuite> <!-- modules.sbtLogin -->
