<?xml version="1.0" encoding="UTF-8"?>
<!-- Generated by org.testng.reporters.JUnitReportReporter -->
<testsuite ignored="0" hostname="Anjali" failures="0" tests="1" name="modules.owFlightSearch" time="0.005" errors="0" timestamp="15 Jun 2020 16:08:38 GMT" skipped="0">
  <testcase classname="modules.owFlightSearch" name="flight_Search" time="0.005"/>
</testsuite> <!-- modules.owFlightSearch -->
